<?xml version="1.0" encoding="utf-8"?><testsuites><testsuite name="pytest" errors="0" failures="0" skipped="0" tests="5" time="0.040" timestamp="2023-08-01T11:18:37.394899" hostname="serpro-1578729"><testcase classname="tests.teste_bytebank.TesteClass" name="teste_quando_idade_recebe_07_08_1995_deve_retornar_28" time="0.001" /><testcase classname="tests.teste_bytebank.TesteClass" name="teste_quando_nome_recebe_Rafael_Fijos_deve_retornar_Fijos" time="0.000" /><testcase classname="tests.teste_bytebank.TesteClass" name="teste_quando_decrescimo_salario_recebe_100000_deve_retornar_90000" time="0.000" /><testcase classname="tests.teste_bytebank.TesteClass" name="teste_quando_calcular_bonus_recebe_1000_deve_retornar_100" time="0.000" /><testcase classname="tests.teste_bytebank.TesteClass" name="teste_quando_calcular_bonus_recebe_1000000_deve_retornar_exception" time="0.000" /></testsuite></testsuites>